Build started 16.1.2014 г. 18:17:21 ч..
     1>Project "D:\UiO_MASTERS_DOCS\CandCpp_workspace\Cpp_Tutorials\Lotto\Lotto\Lotto.vcxproj" on node 2 (build target(s)).
     1>InitializeBuildStatus:
         Creating "Debug\Lotto.unsuccessfulbuild" because "AlwaysCreate" was specified.
       GenerateTargetFrameworkMonikerAttribute:
       Skipping target "GenerateTargetFrameworkMonikerAttribute" because all output files are up-to-date with respect to the input files.
       ClCompile:
         All outputs are up-to-date.
         d:\Program Files (x86)\Microsoft Visual Studio 10.0\VC\bin\CL.exe /c /AI"C:\Program Files (x86)\Reference Assemblies\Microsoft\Framework\.NETFramework\v4.0" /Zi /clr:pure /nologo /W3 /WX- /Od /Oy- /D WIN32 /D _DEBUG /D _UNICODE /D UNICODE /EHa /MDd /GS /fp:precise /Zc:wchar_t /Zc:forScope /Yu"StdAfx.h" /Fp"Debug\Lotto.pch" /Fo"Debug\\" /Fd"Debug\vc100.pdb" /TP /FU"C:\Program Files (x86)\Reference Assemblies\Microsoft\Framework\.NETFramework\v4.0\System.Core.dll" /FU"C:\Program Files (x86)\Reference Assemblies\Microsoft\Framework\.NETFramework\v4.0\System.Data.dll" /FU"C:\Program Files (x86)\Reference Assemblies\Microsoft\Framework\.NETFramework\v4.0\System.dll" /FU"C:\Program Files (x86)\Reference Assemblies\Microsoft\Framework\.NETFramework\v4.0\System.Drawing.dll" /FU"C:\Program Files (x86)\Reference Assemblies\Microsoft\Framework\.NETFramework\v4.0\System.Windows.Forms.dll" /FU"C:\Program Files (x86)\Reference Assemblies\Microsoft\Framework\.NETFramework\v4.0\System.Xml.dll" /analyze- /errorReport:prompt Lotto.cpp /clr:nostdlib 
         Lotto.cpp
         All outputs are up-to-date.
       CoreResGen:
         No resources are out of date with respect to their source files. Skipping resource generation.
       ResourceCompile:
         All outputs are up-to-date.
       Link:
         d:\Program Files (x86)\Microsoft Visual Studio 10.0\VC\bin\link.exe /ERRORREPORT:PROMPT /OUT:"D:\UiO_MASTERS_DOCS\CandCpp_workspace\Cpp_Tutorials\Lotto\Debug\Lotto.exe" /INCREMENTAL /NOLOGO /ASSEMBLYRESOURCE:Debug\Lotto.Form1.resources /MANIFEST /ManifestFile:"Debug\Lotto.exe.intermediate.manifest" /MANIFESTUAC:"level='asInvoker' uiAccess='false'" /DEBUG /PDB:"D:\UiO_MASTERS_DOCS\CandCpp_workspace\Cpp_Tutorials\Lotto\Debug\Lotto.pdb" /ASSEMBLYDEBUG /SUBSYSTEM:WINDOWS /TLBID:1 /ENTRY:"main" /DYNAMICBASE /FIXED:NO /NXCOMPAT /MACHINE:X86 Debug\app.res
         Debug\AssemblyInfo.obj
         Debug\Lotto.obj
         Debug\stdafx.obj
         "Debug\.NETFramework,Version=v4.0.AssemblyAttributes.obj"
         Lotto.vcxproj -> D:\UiO_MASTERS_DOCS\CandCpp_workspace\Cpp_Tutorials\Lotto\Debug\Lotto.exe
       Manifest:
         C:\Program Files (x86)\Microsoft SDKs\Windows\v7.0A\bin\mt.exe /nologo /verbose /outputresource:"D:\UiO_MASTERS_DOCS\CandCpp_workspace\Cpp_Tutorials\Lotto\Debug\Lotto.exe;#1" /manifest Debug\Lotto.exe.intermediate.manifest
       FinalizeBuildStatus:
         Deleting file "Debug\Lotto.unsuccessfulbuild".
         Touching "Debug\Lotto.lastbuildstate".
     1>Done Building Project "D:\UiO_MASTERS_DOCS\CandCpp_workspace\Cpp_Tutorials\Lotto\Lotto\Lotto.vcxproj" (build target(s)).

Build succeeded.

Time Elapsed 00:00:00.80
